2015-05-02 19:59:40.207 HospitalData[4670:41662] DiskCookieStorage changing policy from 2 to 0, cookie file: file:///Users/lquaintance/Library/Developer/CoreSimulator/Devices/5EF55506-EAAD-487E-9A45-628B9B030652/data/Containers/Data/Application/0DA6C9AF-9501-472B-B031-C288E9911CA6/Library/Cookies/Cookies.binarycookies
2015-05-02 19:59:40.415 HospitalData[4670:41662] Apache Cordova native platform version 3.7.0 is starting.
2015-05-02 19:59:40.415 HospitalData[4670:41662] Multi-tasking -> Device: YES, App: YES
2015-05-02 19:59:40.445 HospitalData[4670:41662] Unlimited access to network resources
2015-05-02 19:59:40.634 HospitalData[4670:41662] CDVPlugin class CDVSplashScreen (pluginName: splashscreen) does not exist.
2015-05-02 19:59:40.634 HospitalData[4670:41662] [CDVTimer][splashscreen] 0.222027ms
2015-05-02 19:59:40.634 HospitalData[4670:41662] [CDVTimer][TotalPluginStartup] 0.433981ms
2015-05-02 19:59:40.905 HospitalData[4670:41662] Resetting plugins due to page load.
2015-05-02 19:59:41.438 HospitalData[4670:41662] Finished load of: file:///Users/lquaintance/Library/Developer/CoreSimulator/Devices/5EF55506-EAAD-487E-9A45-628B9B030652/data/Containers/Bundle/Application/0A512962-735D-4201-9D69-07061BAFB10A/HospitalData.app/www/index.html
2015-05-02 19:59:58.878 HospitalData[4853:42109] DiskCookieStorage changing policy from 2 to 0, cookie file: file:///Users/lquaintance/Library/Developer/CoreSimulator/Devices/5EF55506-EAAD-487E-9A45-628B9B030652/data/Containers/Data/Application/3C0821AF-857E-4394-9B6A-6AE8E9EA9CFB/Library/Cookies/Cookies.binarycookies
2015-05-02 19:59:58.983 HospitalData[4853:42109] Apache Cordova native platform version 3.7.0 is starting.
2015-05-02 19:59:58.983 HospitalData[4853:42109] Multi-tasking -> Device: YES, App: YES
2015-05-02 19:59:59.006 HospitalData[4853:42109] Unlimited access to network resources
2015-05-02 19:59:59.125 HospitalData[4853:42109] CDVPlugin class CDVSplashScreen (pluginName: splashscreen) does not exist.
2015-05-02 19:59:59.125 HospitalData[4853:42109] [CDVTimer][splashscreen] 0.150979ms
2015-05-02 19:59:59.126 HospitalData[4853:42109] [CDVTimer][TotalPluginStartup] 0.330985ms
2015-05-02 19:59:59.175 HospitalData[4853:42109] Resetting plugins due to page load.
2015-05-02 19:59:59.542 HospitalData[4853:42109] Finished load of: file:///Users/lquaintance/Library/Developer/CoreSimulator/Devices/5EF55506-EAAD-487E-9A45-628B9B030652/data/Containers/Bundle/Application/4A69F734-7C26-4570-AF38-A78142A4E688/HospitalData.app/www/index.html
2015-05-02 20:00:28.698 HospitalData[5129:43242] DiskCookieStorage changing policy from 2 to 0, cookie file: file:///Users/lquaintance/Library/Developer/CoreSimulator/Devices/5EF55506-EAAD-487E-9A45-628B9B030652/data/Containers/Data/Application/60B34F6F-02B8-45EC-8D5B-4F90844CC379/Library/Cookies/Cookies.binarycookies
2015-05-02 20:00:28.854 HospitalData[5129:43242] Apache Cordova native platform version 3.7.0 is starting.
2015-05-02 20:00:28.855 HospitalData[5129:43242] Multi-tasking -> Device: YES, App: YES
2015-05-02 20:00:28.857 HospitalData[5129:43242] Unlimited access to network resources
2015-05-02 20:00:28.978 HospitalData[5129:43242] CDVPlugin class CDVSplashScreen (pluginName: splashscreen) does not exist.
2015-05-02 20:00:28.978 HospitalData[5129:43242] [CDVTimer][splashscreen] 0.154018ms
2015-05-02 20:00:28.978 HospitalData[5129:43242] [CDVTimer][TotalPluginStartup] 0.331998ms
2015-05-02 20:00:29.056 HospitalData[5129:43242] Resetting plugins due to page load.
2015-05-02 20:00:29.495 HospitalData[5129:43242] Finished load of: file:///Users/lquaintance/Library/Developer/CoreSimulator/Devices/5EF55506-EAAD-487E-9A45-628B9B030652/data/Containers/Bundle/Application/10DB29B6-DE66-4D1E-8386-01281081F3AF/HospitalData.app/www/index.html
2015-05-02 20:01:06.568 HospitalData[5129:43892] Terminating since there is no system app.
2015-05-02 20:01:36.024 HospitalData[5377:44396] DiskCookieStorage changing policy from 2 to 0, cookie file: file:///Users/lquaintance/Library/Developer/CoreSimulator/Devices/C182BB20-D2F5-4587-A255-EAC792CA6BC4/data/Containers/Data/Application/9F8FD19F-75D3-4E1F-91AA-5829E31600FB/Library/Cookies/Cookies.binarycookies
2015-05-02 20:01:36.279 HospitalData[5377:44396] Apache Cordova native platform version 3.7.0 is starting.
2015-05-02 20:01:36.279 HospitalData[5377:44396] Multi-tasking -> Device: YES, App: YES
2015-05-02 20:01:36.294 HospitalData[5377:44396] Unlimited access to network resources
2015-05-02 20:01:36.489 HospitalData[5377:44396] CDVPlugin class CDVSplashScreen (pluginName: splashscreen) does not exist.
2015-05-02 20:01:36.489 HospitalData[5377:44396] [CDVTimer][splashscreen] 0.217974ms
2015-05-02 20:01:36.489 HospitalData[5377:44396] [CDVTimer][TotalPluginStartup] 0.413001ms
2015-05-02 20:01:37.265 HospitalData[5377:44396] Resetting plugins due to page load.
2015-05-02 20:01:39.254 HospitalData[5377:44396] Finished load of: file:///Users/lquaintance/Library/Developer/CoreSimulator/Devices/C182BB20-D2F5-4587-A255-EAC792CA6BC4/data/Containers/Bundle/Application/40CFC80B-E701-4058-8F99-4C9D2E77FBDF/HospitalData.app/www/index.html
2015-05-02 20:03:31.214 HospitalData[5598:45810] DiskCookieStorage changing policy from 2 to 0, cookie file: file:///Users/lquaintance/Library/Developer/CoreSimulator/Devices/C182BB20-D2F5-4587-A255-EAC792CA6BC4/data/Containers/Data/Application/EF6ECE21-960C-49B0-A9DC-DDFE9BADF5F8/Library/Cookies/Cookies.binarycookies
2015-05-02 20:03:31.409 HospitalData[5598:45810] Apache Cordova native platform version 3.7.0 is starting.
2015-05-02 20:03:31.409 HospitalData[5598:45810] Multi-tasking -> Device: YES, App: YES
2015-05-02 20:03:31.427 HospitalData[5598:45810] Unlimited access to network resources
2015-05-02 20:03:31.536 HospitalData[5598:45810] CDVPlugin class CDVSplashScreen (pluginName: splashscreen) does not exist.
2015-05-02 20:03:31.536 HospitalData[5598:45810] [CDVTimer][splashscreen] 0.289977ms
2015-05-02 20:03:31.536 HospitalData[5598:45810] [CDVTimer][TotalPluginStartup] 0.510037ms
2015-05-02 20:03:32.061 HospitalData[5598:45810] Resetting plugins due to page load.
2015-05-02 20:03:32.368 HospitalData[5598:45810] Finished load of: file:///Users/lquaintance/Library/Developer/CoreSimulator/Devices/C182BB20-D2F5-4587-A255-EAC792CA6BC4/data/Containers/Bundle/Application/7B260D3D-3E59-4D91-9BA7-97EEB5ED1066/HospitalData.app/www/index.html
2015-05-02 20:05:09.223 HospitalData[5807:46630] DiskCookieStorage changing policy from 2 to 0, cookie file: file:///Users/lquaintance/Library/Developer/CoreSimulator/Devices/C182BB20-D2F5-4587-A255-EAC792CA6BC4/data/Containers/Data/Application/C1C69B33-F0EE-423B-899F-AE7F94EF1511/Library/Cookies/Cookies.binarycookies
2015-05-02 20:05:09.408 HospitalData[5807:46630] Apache Cordova native platform version 3.7.0 is starting.
2015-05-02 20:05:09.408 HospitalData[5807:46630] Multi-tasking -> Device: YES, App: YES
2015-05-02 20:05:09.423 HospitalData[5807:46630] Unlimited access to network resources
2015-05-02 20:05:09.514 HospitalData[5807:46630] CDVPlugin class CDVSplashScreen (pluginName: splashscreen) does not exist.
2015-05-02 20:05:09.514 HospitalData[5807:46630] [CDVTimer][splashscreen] 0.163019ms
2015-05-02 20:05:09.514 HospitalData[5807:46630] [CDVTimer][TotalPluginStartup] 0.298023ms
2015-05-02 20:05:09.911 HospitalData[5807:46630] Resetting plugins due to page load.
2015-05-02 20:05:10.186 HospitalData[5807:46630] Finished load of: file:///Users/lquaintance/Library/Developer/CoreSimulator/Devices/C182BB20-D2F5-4587-A255-EAC792CA6BC4/data/Containers/Bundle/Application/D1DDF821-A8AC-4E65-A119-B9F45D1D9728/HospitalData.app/www/index.html
2015-05-02 20:07:39.035 HospitalData[6423:48737] DiskCookieStorage changing policy from 2 to 0, cookie file: file:///Users/lquaintance/Library/Developer/CoreSimulator/Devices/C182BB20-D2F5-4587-A255-EAC792CA6BC4/data/Containers/Data/Application/F2DB1BAA-7401-4F89-9C37-3F94C32B4B52/Library/Cookies/Cookies.binarycookies
2015-05-02 20:07:39.254 HospitalData[6423:48737] Apache Cordova native platform version 3.7.0 is starting.
2015-05-02 20:07:39.255 HospitalData[6423:48737] Multi-tasking -> Device: YES, App: YES
2015-05-02 20:07:39.262 HospitalData[6423:48737] Unlimited access to network resources
2015-05-02 20:07:39.347 HospitalData[6423:48737] CDVPlugin class CDVSplashScreen (pluginName: splashscreen) does not exist.
2015-05-02 20:07:39.347 HospitalData[6423:48737] [CDVTimer][splashscreen] 0.221968ms
2015-05-02 20:07:39.347 HospitalData[6423:48737] [CDVTimer][TotalPluginStartup] 0.423968ms
2015-05-02 20:07:39.772 HospitalData[6423:48737] Resetting plugins due to page load.
2015-05-02 20:07:40.038 HospitalData[6423:48737] Finished load of: file:///Users/lquaintance/Library/Developer/CoreSimulator/Devices/C182BB20-D2F5-4587-A255-EAC792CA6BC4/data/Containers/Bundle/Application/E11FF753-9F15-49A3-8E95-095CAAE8A0D3/HospitalData.app/www/index.html
